#-----------------------------------------------------------
# Vivado v2018.2 (64-bit)
# SW Build 2258646 on Thu Jun 14 20:03:12 MDT 2018
# IP Build 2256618 on Thu Jun 14 22:10:49 MDT 2018
# Start of session at: Wed Dec 19 10:54:42 2018
# Process ID: 6540
# Current directory: C:/Users/Galal/Desktop/PCI13_12
# Command line: vivado.exe -gui_launcher_event rodinguilauncherevent12008 C:\Users\Galal\Desktop\PCI13_12\PCI13_12.xpr
# Log file: C:/Users/Galal/Desktop/PCI13_12/vivado.log
# Journal file: C:/Users/Galal/Desktop/PCI13_12\vivado.jou
#-----------------------------------------------------------
start_gui
open_project C:/Users/Galal/Desktop/PCI13_12/PCI13_12.xpr
INFO: [Project 1-313] Project file moved from 'C:/Users/mora/Desktop/PCI/PCI13_12' since last save.
Scanning sources...
Finished scanning sources
INFO: [IP_Flow 19-234] Refreshing IP repositories
INFO: [IP_Flow 19-1704] No user IP repositories specified
INFO: [IP_Flow 19-2313] Loaded Vivado IP repository 'D:/Xilinx/Vivado/2018.2/data/ip'.
open_project: Time (s): cpu = 00:00:17 ; elapsed = 00:00:11 . Memory (MB): peak = 862.508 ; gain = 131.789
update_compile_order -fileset sources_1
