#-----------------------------------------------------------
# Vivado v2018.2 (64-bit)
# SW Build 2258646 on Thu Jun 14 20:03:12 MDT 2018
# IP Build 2256618 on Thu Jun 14 22:10:49 MDT 2018
# Start of session at: Sat Feb  2 22:32:10 2019
# Process ID: 9788
# Current directory: E:/sandy/projects/co 2/mips/project_5
# Command line: vivado.exe -gui_launcher_event rodinguilauncherevent7648 E:\sandy\projects\co 2\mips\project_5\project_5.xpr
# Log file: E:/sandy/projects/co 2/mips/project_5/vivado.log
# Journal file: E:/sandy/projects/co 2/mips/project_5\vivado.jou
#-----------------------------------------------------------
start_gui
open_project {E:/sandy/projects/co 2/mips/project_5/project_5.xpr}
INFO: [Project 1-313] Project file moved from 'E:/sandy/projects/co 2/pci/project_5' since last save.
Scanning sources...
Finished scanning sources
INFO: [IP_Flow 19-234] Refreshing IP repositories
INFO: [IP_Flow 19-1704] No user IP repositories specified
INFO: [IP_Flow 19-2313] Loaded Vivado IP repository 'E:/sandy/XilinX2018/Vivado/2018.2/data/ip'.
open_project: Time (s): cpu = 00:00:26 ; elapsed = 00:00:32 . Memory (MB): peak = 871.969 ; gain = 161.477
update_compile_order -fileset sources_1
exit
INFO: [Common 17-206] Exiting Vivado at Sat Feb  2 23:36:29 2019...
