
****** PlanAhead v14.7 (64-bit)
  **** Build 321239 by xbuild on Fri Sep 27 19:29:51 MDT 2013
    ** Copyright 1986-1999, 2001-2013 Xilinx, Inc. All Rights Reserved.

INFO: [Common 17-78] Attempting to get a license: PlanAhead
INFO: [Common 17-290] Got license for PlanAhead
INFO: [Device 21-36] Loading parts and site information from E:/Xilinx/14.7/ISE_DS/PlanAhead/data/parts/arch.xml
Parsing RTL primitives file [E:/Xilinx/14.7/ISE_DS/PlanAhead/data/parts/xilinx/rtl/prims/rtl_prims.xml]
Finished parsing RTL primitives file [E:/Xilinx/14.7/ISE_DS/PlanAhead/data/parts/xilinx/rtl/prims/rtl_prims.xml]
start_gui
source {E:/Xilinx/New folder/new/newppi/ppi_final/pa.fromHdl.tcl}
# create_project -name ppi_final -dir "E:/Xilinx/New folder/new/newppi/ppi_final/planAhead_run_4" -part xc7a100tcsg324-3
create_project: Time (s): elapsed = 00:00:06 . Memory (MB): peak = 464.043 ; gain = 60.625
# set_param project.pinAheadLayout yes
# set srcset [get_property srcset [current_run -impl]]
# set_property target_constrs_file "PPI.ucf" [current_fileset -constrset]
Adding file 'E:/Xilinx/New folder/new/newppi/ppi_final/PPI.ucf' to fileset 'constrs_1'
# set hdlfile [add_files [list {PPI_final.v}]]
# set_property file_type Verilog $hdlfile
# set_property library work $hdlfile
# set_property top PPI $srcset
# add_files [list {PPI.ucf}] -fileset [get_property constrset [current_run]]
# open_rtl_design -part xc7a100tcsg324-3
Using Verific elaboration
Parsing VHDL file "E:/Xilinx/14.7/ISE_DS/PlanAhead/data/parts/xilinx/rtl/lib/synplify/synattr.vhd" into library synplify
Analyzing Verilog file "E:/Xilinx/New folder/new/newppi/ppi_final/PPI_final.v" into library work
Loading clock regions from E:/Xilinx/14.7/ISE_DS/PlanAhead/data\parts/xilinx/artix7/artix7/xc7a100t/ClockRegion.xml
Loading clock buffers from E:/Xilinx/14.7/ISE_DS/PlanAhead/data\parts/xilinx/artix7/artix7/xc7a100t/ClockBuffers.xml
Loading clock placement rules from E:/Xilinx/14.7/ISE_DS/PlanAhead/data/parts/xilinx/artix7/ClockPlacerRules.xml
Loading package pin functions from E:/Xilinx/14.7/ISE_DS/PlanAhead/data\parts/xilinx/artix7/PinFunctions.xml...
Loading package from E:/Xilinx/14.7/ISE_DS/PlanAhead/data\parts/xilinx/artix7/artix7/xc7a100t/csg324/Package.xml
Loading io standards from E:/Xilinx/14.7/ISE_DS/PlanAhead/data\./parts/xilinx/artix7/IOStandards.xml
Loading device configuration modes from E:/Xilinx/14.7/ISE_DS/PlanAhead/data\parts/xilinx/artix7/ConfigModes.xml
Loading list of drcs for the architecture : E:/Xilinx/14.7/ISE_DS/PlanAhead/data\./parts/xilinx/artix7/drc.xml
Parsing UCF File [E:/Xilinx/New folder/new/newppi/ppi_final/PPI.ucf]
Finished Parsing UCF File [E:/Xilinx/New folder/new/newppi/ppi_final/PPI.ucf]
INFO: [Project 1-111] Unisim Transformation Summary:
No Unisim elements were transformed.

Phase 0 | Netlist Checksum: 0e035e36
open_rtl_design: Time (s): elapsed = 00:00:24 . Memory (MB): peak = 801.496 ; gain = 322.168
update_compile_order -fileset sim_1
exit
ERROR: [Common 17-39] 'stop_gui' failed due to earlier errors.
INFO: [Common 17-206] Exiting PlanAhead at Mon Nov 26 12:10:42 2018...
INFO: [Common 17-83] Releasing license: PlanAhead
